<?xml version="1.0" encoding="UTF-8"?>
<!-- Generated by org.testng.reporters.JUnitReportReporter -->
<testsuite skipped="0" hostname="arpita-HP-Notebook" name="Test.test" tests="1" failures="0" timestamp="23 Mar 2020 13:07:48 GMT" time="59.609" errors="0">
  <testcase name="test_Home_Page_Appear_Correct" time="59.609" classname="Test.test"/>
</testsuite> <!-- Test.test -->
