<?xml version="1.0" encoding="UTF-8"?>
<!-- Generated by org.testng.reporters.JUnitReportReporter -->
<testsuite skipped="0" hostname="arpita-HP-Notebook" name="Test.NoPOMTest99GuruLogin" tests="1" failures="0" timestamp="23 Mar 2020 12:54:45 GMT" time="50.450" errors="0">
  <testcase name="test_Home_Page_Appear_Correct" time="50.450" classname="Test.NoPOMTest99GuruLogin"/>
</testsuite> <!-- Test.NoPOMTest99GuruLogin -->
