<?xml version="1.0" encoding="UTF-8"?>
<!-- Generated by org.testng.reporters.JUnitReportReporter -->
<testsuite skipped="0" hostname="arpita-HP-Notebook" name="Test.test" tests="1" failures="0" timestamp="24 Mar 2020 08:23:54 GMT" time="42.223" errors="0">
  <testcase name="test_Home_Page_Appear_Correct" time="42.223" classname="Test.test"/>
</testsuite> <!-- Test.test -->
