<?xml version="1.0" encoding="UTF-8"?>
<!-- Generated by org.testng.reporters.JUnitReportReporter -->
<testsuite skipped="0" hostname="arpita-HP-Notebook" name="Test.test" tests="1" failures="0" timestamp="24 Mar 2020 05:12:21 GMT" time="57.060" errors="0">
  <testcase name="test_Home_Page_Appear_Correct" time="57.060" classname="Test.test"/>
</testsuite> <!-- Test.test -->
